Successfully parsed 6 and instantiated 1 module(s).
194 assertions passed.
4 assertions failed.
0 assertions indeterminate.
  FAILED -> vbmc [Step #17] property bmc_enough:safety @ sic.ucl, line 503
  FAILED -> vbmc [Step #17] property sanety_op:safety @ sic.ucl, line 513
  FAILED -> vbmc [Step #17] property sanety_latencies:safety @ sic.ucl, line 505
  FAILED -> vunroll [Step #17] property generate_counter_example @ sic.ucl, line 521
CEX for vunroll [Step #17] property generate_counter_example @ sic.ucl, line 521
=================================
Step #0
  step : 0
  pipeline.progress : false
  pipeline.is_inst_ready : false
  pipeline.is_nstage_wbe_free : false
  pipeline.is_branch_pending : false
  pipeline.is_ninst_ready : false
  pipeline.is_mem_pending : false
  pipeline.is_store_pending : false
  pipeline.is_data_dependant : false
  pipeline.current.instruction : (_tuple_0 other_op
          (_tuple_1 2 1 1)
          (_tuple_2 #b00100 #b00101)
          #b00110
          (_tuple_3 1 1 1)
          pre)
  pipeline.subsequent.instruction : (_tuple_0 store_op
          (_tuple_1 3 1 2)
          (_tuple_2 #b00001 #b00010)
          #b00011
          (_tuple_3 1 1 1)
          pre)
  end_stage : post
=================================
=================================
Step #1
  step : 1
  pipeline.progress : false
  pipeline.is_inst_ready : false
  pipeline.is_nstage_wbe_free : false
  pipeline.is_branch_pending : false
  pipeline.is_ninst_ready : false
  pipeline.is_mem_pending : false
  pipeline.is_store_pending : false
  pipeline.is_data_dependant : false
  pipeline.current.instruction : (_tuple_0 other_op
          (_tuple_1 2 1 1)
          (_tuple_2 #b00100 #b00101)
          #b00110
          (_tuple_3 1 1 1)
          pre)
  pipeline.subsequent.instruction : (_tuple_0 store_op
          (_tuple_1 3 1 2)
          (_tuple_2 #b00001 #b00010)
          #b00011
          (_tuple_3 1 1 1)
          IF)
  end_stage : post
=================================
=================================
Step #2
  step : 2
  pipeline.progress : false
  pipeline.is_inst_ready : false
  pipeline.is_nstage_wbe_free : false
  pipeline.is_branch_pending : false
  pipeline.is_ninst_ready : true
  pipeline.is_mem_pending : true
  pipeline.is_store_pending : true
  pipeline.is_data_dependant : false
  pipeline.current.instruction : (_tuple_0 other_op
          (_tuple_1 2 1 1)
          (_tuple_2 #b00100 #b00101)
          #b00110
          (_tuple_3 1 1 1)
          pre)
  pipeline.subsequent.instruction : (_tuple_0 store_op
          (_tuple_1 2 1 2)
          (_tuple_2 #b00001 #b00010)
          #b00011
          (_tuple_3 1 1 1)
          IF)
  end_stage : post
=================================
=================================
Step #3
  step : 3
  pipeline.progress : false
  pipeline.is_inst_ready : false
  pipeline.is_nstage_wbe_free : false
  pipeline.is_branch_pending : false
  pipeline.is_ninst_ready : true
  pipeline.is_mem_pending : true
  pipeline.is_store_pending : true
  pipeline.is_data_dependant : false
  pipeline.current.instruction : (_tuple_0 other_op
          (_tuple_1 2 1 1)
          (_tuple_2 #b00100 #b00101)
          #b00110
          (_tuple_3 1 1 1)
          pre)
  pipeline.subsequent.instruction : (_tuple_0 store_op
          (_tuple_1 1 1 2)
          (_tuple_2 #b00001 #b00010)
          #b00011
          (_tuple_3 1 1 1)
          IF)
  end_stage : post
=================================
=================================
Step #4
  step : 4
  pipeline.progress : false
  pipeline.is_inst_ready : false
  pipeline.is_nstage_wbe_free : true
  pipeline.is_branch_pending : false
  pipeline.is_ninst_ready : true
  pipeline.is_mem_pending : true
  pipeline.is_store_pending : true
  pipeline.is_data_dependant : false
  pipeline.current.instruction : (_tuple_0 other_op
          (_tuple_1 2 1 1)
          (_tuple_2 #b00100 #b00101)
          #b00110
          (_tuple_3 1 1 1)
          pre)
  pipeline.subsequent.instruction : (_tuple_0 store_op
          (_tuple_1 0 1 2)
          (_tuple_2 #b00001 #b00010)
          #b00011
          (_tuple_3 1 1 1)
          IF)
  end_stage : post
=================================
=================================
Step #5
  step : 5
  pipeline.progress : false
  pipeline.is_inst_ready : false
  pipeline.is_nstage_wbe_free : true
  pipeline.is_branch_pending : false
  pipeline.is_ninst_ready : true
  pipeline.is_mem_pending : true
  pipeline.is_store_pending : true
  pipeline.is_data_dependant : false
  pipeline.current.instruction : (_tuple_0 other_op
          (_tuple_1 2 1 1)
          (_tuple_2 #b00100 #b00101)
          #b00110
          (_tuple_3 1 1 1)
          pre)
  pipeline.subsequent.instruction : (_tuple_0 store_op
          (_tuple_1 0 1 2)
          (_tuple_2 #b00001 #b00010)
          #b00011
          (_tuple_3 1 1 1)
          ID)
  end_stage : post
=================================
=================================
Step #6
  step : 6
  pipeline.progress : false
  pipeline.is_inst_ready : false
  pipeline.is_nstage_wbe_free : true
  pipeline.is_branch_pending : false
  pipeline.is_ninst_ready : true
  pipeline.is_mem_pending : true
  pipeline.is_store_pending : true
  pipeline.is_data_dependant : false
  pipeline.current.instruction : (_tuple_0 other_op
          (_tuple_1 2 1 1)
          (_tuple_2 #b00100 #b00101)
          #b00110
          (_tuple_3 1 1 1)
          pre)
  pipeline.subsequent.instruction : (_tuple_0 store_op
          (_tuple_1 0 1 2)
          (_tuple_2 #b00001 #b00010)
          #b00011
          (_tuple_3 0 1 1)
          ID)
  end_stage : post
=================================
=================================
Step #7
  step : 7
  pipeline.progress : false
  pipeline.is_inst_ready : false
  pipeline.is_nstage_wbe_free : true
  pipeline.is_branch_pending : false
  pipeline.is_ninst_ready : true
  pipeline.is_mem_pending : true
  pipeline.is_store_pending : true
  pipeline.is_data_dependant : false
  pipeline.current.instruction : (_tuple_0 other_op
          (_tuple_1 2 1 1)
          (_tuple_2 #b00100 #b00101)
          #b00110
          (_tuple_3 1 1 1)
          pre)
  pipeline.subsequent.instruction : (_tuple_0 store_op
          (_tuple_1 0 1 2)
          (_tuple_2 #b00001 #b00010)
          #b00011
          (_tuple_3 0 1 1)
          EX)
  end_stage : post
=================================
=================================
Step #8
  step : 8
  pipeline.progress : false
  pipeline.is_inst_ready : false
  pipeline.is_nstage_wbe_free : true
  pipeline.is_branch_pending : false
  pipeline.is_ninst_ready : true
  pipeline.is_mem_pending : true
  pipeline.is_store_pending : true
  pipeline.is_data_dependant : false
  pipeline.current.instruction : (_tuple_0 other_op
          (_tuple_1 2 1 1)
          (_tuple_2 #b00100 #b00101)
          #b00110
          (_tuple_3 1 1 1)
          pre)
  pipeline.subsequent.instruction : (_tuple_0 store_op
          (_tuple_1 0 1 2)
          (_tuple_2 #b00001 #b00010)
          #b00011
          (_tuple_3 0 0 1)
          EX)
  end_stage : post
=================================
=================================
Step #9
  step : 9
  pipeline.progress : false
  pipeline.is_inst_ready : false
  pipeline.is_nstage_wbe_free : true
  pipeline.is_branch_pending : false
  pipeline.is_ninst_ready : true
  pipeline.is_mem_pending : true
  pipeline.is_store_pending : true
  pipeline.is_data_dependant : false
  pipeline.current.instruction : (_tuple_0 other_op
          (_tuple_1 2 1 1)
          (_tuple_2 #b00100 #b00101)
          #b00110
          (_tuple_3 1 1 1)
          pre)
  pipeline.subsequent.instruction : (_tuple_0 store_op
          (_tuple_1 0 1 2)
          (_tuple_2 #b00001 #b00010)
          #b00011
          (_tuple_3 0 0 1)
          MEM)
  end_stage : post
=================================
=================================
Step #10
  step : 10
  pipeline.progress : false
  pipeline.is_inst_ready : false
  pipeline.is_nstage_wbe_free : true
  pipeline.is_branch_pending : false
  pipeline.is_ninst_ready : true
  pipeline.is_mem_pending : true
  pipeline.is_store_pending : true
  pipeline.is_data_dependant : false
  pipeline.current.instruction : (_tuple_0 other_op
          (_tuple_1 2 1 1)
          (_tuple_2 #b00100 #b00101)
          #b00110
          (_tuple_3 1 1 1)
          pre)
  pipeline.subsequent.instruction : (_tuple_0 store_op
          (_tuple_1 0 0 2)
          (_tuple_2 #b00001 #b00010)
          #b00011
          (_tuple_3 0 0 1)
          MEM)
  end_stage : post
=================================
=================================
Step #11
  step : 11
  pipeline.progress : false
  pipeline.is_inst_ready : false
  pipeline.is_nstage_wbe_free : true
  pipeline.is_branch_pending : false
  pipeline.is_ninst_ready : true
  pipeline.is_mem_pending : true
  pipeline.is_store_pending : true
  pipeline.is_data_dependant : false
  pipeline.current.instruction : (_tuple_0 other_op
          (_tuple_1 2 1 1)
          (_tuple_2 #b00100 #b00101)
          #b00110
          (_tuple_3 1 1 1)
          pre)
  pipeline.subsequent.instruction : (_tuple_0 store_op
          (_tuple_1 0 0 2)
          (_tuple_2 #b00001 #b00010)
          #b00011
          (_tuple_3 0 0 1)
          ST)
  end_stage : post
=================================
=================================
Step #12
  step : 12
  pipeline.progress : false
  pipeline.is_inst_ready : false
  pipeline.is_nstage_wbe_free : true
  pipeline.is_branch_pending : false
  pipeline.is_ninst_ready : true
  pipeline.is_mem_pending : true
  pipeline.is_store_pending : true
  pipeline.is_data_dependant : false
  pipeline.current.instruction : (_tuple_0 other_op
          (_tuple_1 2 1 1)
          (_tuple_2 #b00100 #b00101)
          #b00110
          (_tuple_3 1 1 1)
          pre)
  pipeline.subsequent.instruction : (_tuple_0 store_op
          (_tuple_1 0 0 1)
          (_tuple_2 #b00001 #b00010)
          #b00011
          (_tuple_3 0 0 1)
          ST)
  end_stage : post
=================================
=================================
Step #13
  step : 13
  pipeline.progress : true
  pipeline.is_inst_ready : true
  pipeline.is_nstage_wbe_free : true
  pipeline.is_branch_pending : false
  pipeline.is_ninst_ready : true
  pipeline.is_mem_pending : false
  pipeline.is_store_pending : false
  pipeline.is_data_dependant : false
  pipeline.current.instruction : (_tuple_0 other_op
          (_tuple_1 2 1 1)
          (_tuple_2 #b00100 #b00101)
          #b00110
          (_tuple_3 1 1 1)
          pre)
  pipeline.subsequent.instruction : (_tuple_0 store_op
          (_tuple_1 0 0 0)
          (_tuple_2 #b00001 #b00010)
          #b00011
          (_tuple_3 0 0 1)
          ST)
  end_stage : post
=================================
=================================
Step #14
  step : 14
  pipeline.progress : true
  pipeline.is_inst_ready : true
  pipeline.is_nstage_wbe_free : true
  pipeline.is_branch_pending : false
  pipeline.is_ninst_ready : true
  pipeline.is_mem_pending : false
  pipeline.is_store_pending : false
  pipeline.is_data_dependant : false
  pipeline.current.instruction : (_tuple_0 other_op
          (_tuple_1 2 1 1)
          (_tuple_2 #b00100 #b00101)
          #b00110
          (_tuple_3 1 1 1)
          IF)
  pipeline.subsequent.instruction : (_tuple_0 store_op
          (_tuple_1 0 0 0)
          (_tuple_2 #b00001 #b00010)
          #b00011
          (_tuple_3 0 0 1)
          post)
  end_stage : post
=================================
=================================
Step #15
  step : 15
  pipeline.progress : true
  pipeline.is_inst_ready : true
  pipeline.is_nstage_wbe_free : true
  pipeline.is_branch_pending : false
  pipeline.is_ninst_ready : true
  pipeline.is_mem_pending : false
  pipeline.is_store_pending : false
  pipeline.is_data_dependant : false
  pipeline.current.instruction : (_tuple_0 other_op
          (_tuple_1 1 1 1)
          (_tuple_2 #b00100 #b00101)
          #b00110
          (_tuple_3 1 1 1)
          IF)
  pipeline.subsequent.instruction : (_tuple_0 store_op
          (_tuple_1 0 0 0)
          (_tuple_2 #b00001 #b00010)
          #b00011
          (_tuple_3 0 0 1)
          post)
  end_stage : post
=================================
=================================
Step #16
  step : 16
  pipeline.progress : true
  pipeline.is_inst_ready : true
  pipeline.is_nstage_wbe_free : true
  pipeline.is_branch_pending : false
  pipeline.is_ninst_ready : true
  pipeline.is_mem_pending : false
  pipeline.is_store_pending : false
  pipeline.is_data_dependant : false
  pipeline.current.instruction : (_tuple_0 other_op
          (_tuple_1 0 1 1)
          (_tuple_2 #b00100 #b00101)
          #b00110
          (_tuple_3 1 1 1)
          IF)
  pipeline.subsequent.instruction : (_tuple_0 store_op
          (_tuple_1 0 0 0)
          (_tuple_2 #b00001 #b00010)
          #b00011
          (_tuple_3 0 0 1)
          post)
  end_stage : post
=================================
=================================
Step #17
  step : 17
  pipeline.progress : true
  pipeline.is_inst_ready : true
  pipeline.is_nstage_wbe_free : true
  pipeline.is_branch_pending : false
  pipeline.is_ninst_ready : true
  pipeline.is_mem_pending : false
  pipeline.is_store_pending : false
  pipeline.is_data_dependant : false
  pipeline.current.instruction : (_tuple_0 other_op
          (_tuple_1 0 1 1)
          (_tuple_2 #b00100 #b00101)
          #b00110
          (_tuple_3 1 1 1)
          ID)
  pipeline.subsequent.instruction : (_tuple_0 store_op
          (_tuple_1 0 0 0)
          (_tuple_2 #b00001 #b00010)
          #b00011
          (_tuple_3 0 0 1)
          post)
  end_stage : post
=================================
Finished execution for module: main.
